Arguments: 
  C:\Program Files\nodejs\node.exe C:\Users\ignit\AppData\Roaming\npm\node_modules\yarn\bin\yarn.js add fs unirest util

PATH: 
  C:\ProgramData\Oracle\Java\javapath;C:\Program Files (x86)\Common Files\Intel\Shared Libraries\redist\intel64\compiler;C:\Windows\system32;C:\Windows;C:\Windows\System32\Wbem;C:\Windows\System32\WindowsPowerShell\v1.0\;C:\Program Files (x86)\Calibre2\;C:\Program Files (x86)\Bitvise SSH Client;C:\Program Files\nodejs\;C:\Program Files\Git\cmd;C:\Users\ignit\AppData\Local\Microsoft\WindowsApps;C:\Users\ignit\AppData\Local\atom\bin;C:\Program Files\Oracle\VirtualBox;C:\Users\ignit\AppData\Local\Programs\Python\Python36-32;C:\Users\ignit\AppData\Roaming\npm

Yarn version: 
  1.0.2

Node version: 
  6.11.2

Platform: 
  win32 x64

npm manifest: 
  {
    "name": "test-interface",
    "version": "1.0.0",
    "description": "Example Node Server w/ Babel",
    "main": "lib/index.js",
    "scripts": {
      "start": "nodemon lib/index.js --exec babel-node --presets es2015,stage-2",
      "build": "babel lib -d dist",
      "serve": "node dist/index.js",
      "test": "mocha --compilers js:babel-register"
    },
    "author": "James Kyle <me@thejameskyle.com>",
    "license": "ISC",
    "devDependencies": {
      "babel-cli": "^6.11.4",
      "babel-preset-es2015": "^6.9.0",
      "babel-preset-stage-2": "^6.11.0",
      "babel-register": "^6.11.6",
      "mocha": "^3.0.1",
      "nodemon": "^1.10.0"
    }
  }

yarn manifest: 
  No manifest

Lockfile: 
  No lockfile

Trace: 
  Error: EPERM: operation not permitted, open 'C:\Users\ignit\Public\ar-condicionado\node_modules\diff\dist\diff.js'
      at Error (native)
